2019-03-27 11:13:25
<b>ewww_image_optimizer_gallery_support()</b>
<b>ewww_image_optimizer_admin_init()</b>
<b>ewww_image_optimizer_cloud_init()</b>
<b>ewww_image_optimizer_upgrade()</b>
<b>ewww_image_optimizer_exec_init()</b>
<b>ewww_image_optimizer_cron_setup()</b>
<b>ewww_image_optimizer_ajax_compat_check()</b>
<b>EWWWIO_Tracking::schedule_send()</b>
testing async handling, received 949c34123cf2a4e4ce2f985135830df4a1b2adc24905f53d2fd3f5df5b162932
2019-03-30 00:07:00
<b>ewww_image_optimizer_gallery_support()</b>
2019-03-30 00:07:10
<b>ewww_image_optimizer_gallery_support()</b>
2019-03-30 00:07:12
<b>ewww_image_optimizer_settings_script()</b>
<b>ewww_image_optimizer_bulk_script()</b>
<b>ewww_image_optimizer_webp_script()</b>
2019-03-30 00:07:35
<b>ewww_image_optimizer_gallery_support()</b>
<b>ewww_image_optimizer_admin_init()</b>
<b>ewww_image_optimizer_cloud_init()</b>
<b>ewww_image_optimizer_upgrade()</b>
<b>ewww_image_optimizer_exec_init()</b>
<b>ewww_image_optimizer_cron_setup()</b>
<b>ewww_image_optimizer_ajax_compat_check()</b>
<b>EWWWIO_Tracking::schedule_send()</b>
2019-03-30 00:08:13
<b>ewww_image_optimizer_gallery_support()</b>
<b>ewww_image_optimizer_admin_init()</b>
<b>ewww_image_optimizer_cloud_init()</b>
<b>ewww_image_optimizer_upgrade()</b>
<b>ewww_image_optimizer_exec_init()</b>
<b>ewww_image_optimizer_cron_setup()</b>
<b>ewww_image_optimizer_ajax_compat_check()</b>
<b>EWWWIO_Tracking::schedule_send()</b>
2019-03-30 00:08:35
<b>ewww_image_optimizer_gallery_support()</b>
<b>ewww_image_optimizer_admin_init()</b>
<b>ewww_image_optimizer_cloud_init()</b>
<b>ewww_image_optimizer_upgrade()</b>
<b>ewww_image_optimizer_exec_init()</b>
<b>ewww_image_optimizer_cron_setup()</b>
<b>ewww_image_optimizer_ajax_compat_check()</b>
<b>EWWWIO_Tracking::schedule_send()</b>
2019-03-30 00:09:13
<b>ewww_image_optimizer_gallery_support()</b>
<b>ewww_image_optimizer_admin_init()</b>
<b>ewww_image_optimizer_cloud_init()</b>
<b>ewww_image_optimizer_upgrade()</b>
<b>ewww_image_optimizer_exec_init()</b>
<b>ewww_image_optimizer_cron_setup()</b>
<b>ewww_image_optimizer_ajax_compat_check()</b>
<b>EWWWIO_Tracking::schedule_send()</b>
2019-03-30 00:10:14
<b>ewww_image_optimizer_gallery_support()</b>
<b>ewww_image_optimizer_admin_init()</b>
<b>ewww_image_optimizer_cloud_init()</b>
<b>ewww_image_optimizer_upgrade()</b>
<b>ewww_image_optimizer_exec_init()</b>
<b>ewww_image_optimizer_cron_setup()</b>
<b>ewww_image_optimizer_ajax_compat_check()</b>
<b>EWWWIO_Tracking::schedule_send()</b>
2019-03-30 00:10:18
<b>ewww_image_optimizer_settings_script()</b>
<b>ewww_image_optimizer_bulk_script()</b>
<b>ewww_image_optimizer_webp_script()</b>
2019-03-30 00:10:19
<b>ewww_image_optimizer_gallery_support()</b>
<b>ewww_image_optimizer_admin_init()</b>
<b>ewww_image_optimizer_cloud_init()</b>
<b>ewww_image_optimizer_upgrade()</b>
<b>ewww_image_optimizer_exec_init()</b>
<b>ewww_image_optimizer_cron_setup()</b>
<b>ewww_image_optimizer_ajax_compat_check()</b>
<b>EWWWIO_Tracking::schedule_send()</b>
2019-03-30 00:10:22
<b>ewww_image_optimizer_settings_script()</b>
<b>ewww_image_optimizer_bulk_script()</b>
<b>ewww_image_optimizer_webp_script()</b>
2019-03-30 00:11:23
<b>ewww_image_optimizer_gallery_support()</b>
<b>ewww_image_optimizer_admin_init()</b>
<b>ewww_image_optimizer_cloud_init()</b>
<b>ewww_image_optimizer_upgrade()</b>
<b>ewww_image_optimizer_exec_init()</b>
<b>ewww_image_optimizer_cron_setup()</b>
<b>ewww_image_optimizer_ajax_compat_check()</b>
<b>EWWWIO_Tracking::schedule_send()</b>
2019-03-30 00:11:49
<b>ewww_image_optimizer_settings_script()</b>
<b>ewww_image_optimizer_bulk_script()</b>
<b>ewww_image_optimizer_webp_script()</b>
2019-03-30 00:11:49
<b>ewww_image_optimizer_gallery_support()</b>
<b>ewww_image_optimizer_admin_init()</b>
<b>ewww_image_optimizer_cloud_init()</b>
<b>ewww_image_optimizer_upgrade()</b>
<b>ewww_image_optimizer_exec_init()</b>
<b>ewww_image_optimizer_cron_setup()</b>
<b>ewww_image_optimizer_ajax_compat_check()</b>
<b>EWWWIO_Tracking::schedule_send()</b>
2019-03-30 00:11:57
<b>ewww_image_optimizer_settings_script()</b>
<b>ewww_image_optimizer_bulk_script()</b>
<b>ewww_image_optimizer_webp_script()</b>
2019-03-30 00:12:23
<b>ewww_image_optimizer_settings_script()</b>
<b>ewww_image_optimizer_bulk_script()</b>
<b>ewww_image_optimizer_webp_script()</b>
2019-03-30 00:12:23
<b>ewww_image_optimizer_gallery_support()</b>
2019-03-30 00:12:27
<b>ewww_image_optimizer_gallery_support()</b>
2019-03-30 00:12:49
<b>ewww_image_optimizer_gallery_support()</b>
<b>ewww_image_optimizer_admin_init()</b>
<b>ewww_image_optimizer_cloud_init()</b>
<b>ewww_image_optimizer_upgrade()</b>
<b>ewww_image_optimizer_exec_init()</b>
<b>ewww_image_optimizer_cron_setup()</b>
<b>ewww_image_optimizer_ajax_compat_check()</b>
<b>EWWWIO_Tracking::schedule_send()</b>
2019-03-30 00:13:25
<b>ewww_image_optimizer_gallery_support()</b>
<b>ewww_image_optimizer_admin_init()</b>
<b>ewww_image_optimizer_cloud_init()</b>
<b>ewww_image_optimizer_upgrade()</b>
<b>ewww_image_optimizer_exec_init()</b>
<b>ewww_image_optimizer_cron_setup()</b>
<b>ewww_image_optimizer_ajax_compat_check()</b>
<b>EWWWIO_Tracking::schedule_send()</b>
2019-03-30 00:14:25
<b>ewww_image_optimizer_gallery_support()</b>
<b>ewww_image_optimizer_admin_init()</b>
<b>ewww_image_optimizer_cloud_init()</b>
<b>ewww_image_optimizer_upgrade()</b>
<b>ewww_image_optimizer_exec_init()</b>
<b>ewww_image_optimizer_cron_setup()</b>
<b>ewww_image_optimizer_ajax_compat_check()</b>
<b>EWWWIO_Tracking::schedule_send()</b>
2019-03-30 00:14:49
<b>ewww_image_optimizer_gallery_support()</b>
<b>ewww_image_optimizer_admin_init()</b>
<b>ewww_image_optimizer_cloud_init()</b>
<b>ewww_image_optimizer_upgrade()</b>
<b>ewww_image_optimizer_exec_init()</b>
<b>ewww_image_optimizer_cron_setup()</b>
<b>ewww_image_optimizer_ajax_compat_check()</b>
<b>EWWWIO_Tracking::schedule_send()</b>
2019-03-30 00:15:25
<b>ewww_image_optimizer_gallery_support()</b>
<b>ewww_image_optimizer_admin_init()</b>
<b>ewww_image_optimizer_cloud_init()</b>
<b>ewww_image_optimizer_upgrade()</b>
<b>ewww_image_optimizer_exec_init()</b>
<b>ewww_image_optimizer_cron_setup()</b>
<b>ewww_image_optimizer_ajax_compat_check()</b>
<b>EWWWIO_Tracking::schedule_send()</b>
2019-03-30 00:15:33
<b>ewww_image_optimizer_settings_script()</b>
<b>ewww_image_optimizer_bulk_script()</b>
<b>ewww_image_optimizer_webp_script()</b>
2019-03-30 00:15:34
<b>ewww_image_optimizer_gallery_support()</b>
<b>ewww_image_optimizer_admin_init()</b>
<b>ewww_image_optimizer_cloud_init()</b>
<b>ewww_image_optimizer_upgrade()</b>
<b>ewww_image_optimizer_exec_init()</b>
<b>ewww_image_optimizer_cron_setup()</b>
<b>ewww_image_optimizer_ajax_compat_check()</b>
<b>EWWWIO_Tracking::schedule_send()</b>
2019-03-30 00:15:37
<b>ewww_image_optimizer_settings_script()</b>
<b>ewww_image_optimizer_bulk_script()</b>
<b>ewww_image_optimizer_webp_script()</b>
2019-03-30 00:15:56
<b>ewww_image_optimizer_gallery_support()</b>
2019-03-30 00:15:56
<b>ewww_image_optimizer_gallery_support()</b>
2019-03-30 00:16:26
<b>ewww_image_optimizer_gallery_support()</b>
<b>ewww_image_optimizer_admin_init()</b>
<b>ewww_image_optimizer_cloud_init()</b>
<b>ewww_image_optimizer_upgrade()</b>
<b>ewww_image_optimizer_exec_init()</b>
<b>ewww_image_optimizer_cron_setup()</b>
<b>ewww_image_optimizer_ajax_compat_check()</b>
<b>EWWWIO_Tracking::schedule_send()</b>
2019-03-30 00:16:37
<b>ewww_image_optimizer_gallery_support()</b>
<b>ewww_image_optimizer_admin_init()</b>
<b>ewww_image_optimizer_cloud_init()</b>
<b>ewww_image_optimizer_upgrade()</b>
<b>ewww_image_optimizer_exec_init()</b>
<b>ewww_image_optimizer_cron_setup()</b>
<b>ewww_image_optimizer_ajax_compat_check()</b>
<b>EWWWIO_Tracking::schedule_send()</b>
2019-03-30 00:17:19
<b>ewww_image_optimizer_gallery_support()</b>
<b>ewww_image_optimizer_admin_init()</b>
<b>ewww_image_optimizer_cloud_init()</b>
<b>ewww_image_optimizer_upgrade()</b>
<b>ewww_image_optimizer_exec_init()</b>
<b>ewww_image_optimizer_cron_setup()</b>
<b>ewww_image_optimizer_ajax_compat_check()</b>
<b>EWWWIO_Tracking::schedule_send()</b>
2019-03-30 00:17:25
<b>ewww_image_optimizer_gallery_support()</b>
<b>ewww_image_optimizer_admin_init()</b>
<b>ewww_image_optimizer_cloud_init()</b>
<b>ewww_image_optimizer_upgrade()</b>
<b>ewww_image_optimizer_exec_init()</b>
<b>ewww_image_optimizer_cron_setup()</b>
<b>ewww_image_optimizer_ajax_compat_check()</b>
<b>EWWWIO_Tracking::schedule_send()</b>
2019-03-30 00:17:38
<b>ewww_image_optimizer_gallery_support()</b>
<b>ewww_image_optimizer_admin_init()</b>
<b>ewww_image_optimizer_cloud_init()</b>
<b>ewww_image_optimizer_upgrade()</b>
<b>ewww_image_optimizer_exec_init()</b>
<b>ewww_image_optimizer_cron_setup()</b>
<b>ewww_image_optimizer_ajax_compat_check()</b>
<b>EWWWIO_Tracking::schedule_send()</b>
2019-03-30 00:18:30
<b>ewww_image_optimizer_gallery_support()</b>
<b>ewww_image_optimizer_admin_init()</b>
<b>ewww_image_optimizer_cloud_init()</b>
<b>ewww_image_optimizer_upgrade()</b>
<b>ewww_image_optimizer_exec_init()</b>
<b>ewww_image_optimizer_cron_setup()</b>
<b>ewww_image_optimizer_ajax_compat_check()</b>
<b>EWWWIO_Tracking::schedule_send()</b>
2019-03-30 00:18:38
<b>ewww_image_optimizer_gallery_support()</b>
<b>ewww_image_optimizer_admin_init()</b>
<b>ewww_image_optimizer_cloud_init()</b>
<b>ewww_image_optimizer_upgrade()</b>
<b>ewww_image_optimizer_exec_init()</b>
<b>ewww_image_optimizer_cron_setup()</b>
<b>ewww_image_optimizer_ajax_compat_check()</b>
<b>EWWWIO_Tracking::schedule_send()</b>
2019-03-30 00:19:19
<b>ewww_image_optimizer_gallery_support()</b>
<b>ewww_image_optimizer_admin_init()</b>
<b>ewww_image_optimizer_cloud_init()</b>
<b>ewww_image_optimizer_upgrade()</b>
<b>ewww_image_optimizer_exec_init()</b>
<b>ewww_image_optimizer_cron_setup()</b>
<b>ewww_image_optimizer_ajax_compat_check()</b>
<b>EWWWIO_Tracking::schedule_send()</b>
2019-03-30 00:19:30
<b>ewww_image_optimizer_gallery_support()</b>
<b>ewww_image_optimizer_admin_init()</b>
<b>ewww_image_optimizer_cloud_init()</b>
<b>ewww_image_optimizer_upgrade()</b>
<b>ewww_image_optimizer_exec_init()</b>
<b>ewww_image_optimizer_cron_setup()</b>
<b>ewww_image_optimizer_ajax_compat_check()</b>
<b>EWWWIO_Tracking::schedule_send()</b>
2019-03-30 00:19:39
<b>ewww_image_optimizer_gallery_support()</b>
<b>ewww_image_optimizer_admin_init()</b>
<b>ewww_image_optimizer_cloud_init()</b>
<b>ewww_image_optimizer_upgrade()</b>
<b>ewww_image_optimizer_exec_init()</b>
<b>ewww_image_optimizer_cron_setup()</b>
<b>ewww_image_optimizer_ajax_compat_check()</b>
<b>EWWWIO_Tracking::schedule_send()</b>
2019-03-30 00:20:19
<b>ewww_image_optimizer_gallery_support()</b>
<b>ewww_image_optimizer_admin_init()</b>
<b>ewww_image_optimizer_cloud_init()</b>
<b>ewww_image_optimizer_upgrade()</b>
<b>ewww_image_optimizer_exec_init()</b>
<b>ewww_image_optimizer_cron_setup()</b>
<b>ewww_image_optimizer_ajax_compat_check()</b>
<b>EWWWIO_Tracking::schedule_send()</b>
2019-03-30 00:20:30
<b>ewww_image_optimizer_gallery_support()</b>
<b>ewww_image_optimizer_admin_init()</b>
<b>ewww_image_optimizer_cloud_init()</b>
<b>ewww_image_optimizer_upgrade()</b>
<b>ewww_image_optimizer_exec_init()</b>
<b>ewww_image_optimizer_cron_setup()</b>
<b>ewww_image_optimizer_ajax_compat_check()</b>
<b>EWWWIO_Tracking::schedule_send()</b>
2019-03-30 00:20:39
<b>ewww_image_optimizer_gallery_support()</b>
<b>ewww_image_optimizer_admin_init()</b>
<b>ewww_image_optimizer_cloud_init()</b>
<b>ewww_image_optimizer_upgrade()</b>
<b>ewww_image_optimizer_exec_init()</b>
<b>ewww_image_optimizer_cron_setup()</b>
<b>ewww_image_optimizer_ajax_compat_check()</b>
<b>EWWWIO_Tracking::schedule_send()</b>
2019-03-30 00:21:19
<b>ewww_image_optimizer_gallery_support()</b>
<b>ewww_image_optimizer_admin_init()</b>
<b>ewww_image_optimizer_cloud_init()</b>
<b>ewww_image_optimizer_upgrade()</b>
<b>ewww_image_optimizer_exec_init()</b>
<b>ewww_image_optimizer_cron_setup()</b>
<b>ewww_image_optimizer_ajax_compat_check()</b>
<b>EWWWIO_Tracking::schedule_send()</b>
2019-03-30 00:21:26
<b>ewww_image_optimizer_gallery_support()</b>
<b>ewww_image_optimizer_admin_init()</b>
<b>ewww_image_optimizer_cloud_init()</b>
<b>ewww_image_optimizer_upgrade()</b>
<b>ewww_image_optimizer_exec_init()</b>
<b>ewww_image_optimizer_cron_setup()</b>
<b>ewww_image_optimizer_ajax_compat_check()</b>
<b>EWWWIO_Tracking::schedule_send()</b>
2019-03-30 00:21:30
<b>ewww_image_optimizer_gallery_support()</b>
<b>ewww_image_optimizer_admin_init()</b>
<b>ewww_image_optimizer_cloud_init()</b>
<b>ewww_image_optimizer_upgrade()</b>
<b>ewww_image_optimizer_exec_init()</b>
<b>ewww_image_optimizer_cron_setup()</b>
<b>ewww_image_optimizer_ajax_compat_check()</b>
<b>EWWWIO_Tracking::schedule_send()</b>
2019-03-30 00:21:33
<b>ewww_image_optimizer_settings_script()</b>
<b>ewww_image_optimizer_bulk_script()</b>
<b>ewww_image_optimizer_webp_script()</b>
2019-03-30 00:21:33
<b>ewww_image_optimizer_gallery_support()</b>
<b>ewww_image_optimizer_admin_init()</b>
<b>ewww_image_optimizer_cloud_init()</b>
<b>ewww_image_optimizer_upgrade()</b>
<b>ewww_image_optimizer_exec_init()</b>
<b>ewww_image_optimizer_cron_setup()</b>
<b>ewww_image_optimizer_ajax_compat_check()</b>
<b>EWWWIO_Tracking::schedule_send()</b>
2019-03-30 00:21:43
<b>ewww_image_optimizer_gallery_support()</b>
2019-03-30 00:22:33
<b>ewww_image_optimizer_gallery_support()</b>
<b>ewww_image_optimizer_admin_init()</b>
<b>ewww_image_optimizer_cloud_init()</b>
<b>ewww_image_optimizer_upgrade()</b>
<b>ewww_image_optimizer_exec_init()</b>
<b>ewww_image_optimizer_cron_setup()</b>
<b>ewww_image_optimizer_ajax_compat_check()</b>
<b>EWWWIO_Tracking::schedule_send()</b>
2019-03-30 00:22:50
<b>ewww_image_optimizer_gallery_support()</b>
<b>ewww_image_optimizer_admin_init()</b>
<b>ewww_image_optimizer_cloud_init()</b>
<b>ewww_image_optimizer_upgrade()</b>
<b>ewww_image_optimizer_exec_init()</b>
<b>ewww_image_optimizer_cron_setup()</b>
<b>ewww_image_optimizer_ajax_compat_check()</b>
<b>EWWWIO_Tracking::schedule_send()</b>
2019-03-30 00:23:19
<b>ewww_image_optimizer_gallery_support()</b>
<b>ewww_image_optimizer_admin_init()</b>
<b>ewww_image_optimizer_cloud_init()</b>
<b>ewww_image_optimizer_upgrade()</b>
<b>ewww_image_optimizer_exec_init()</b>
<b>ewww_image_optimizer_cron_setup()</b>
<b>ewww_image_optimizer_ajax_compat_check()</b>
<b>EWWWIO_Tracking::schedule_send()</b>
2019-03-30 00:23:33
<b>ewww_image_optimizer_gallery_support()</b>
<b>ewww_image_optimizer_admin_init()</b>
<b>ewww_image_optimizer_cloud_init()</b>
<b>ewww_image_optimizer_upgrade()</b>
<b>ewww_image_optimizer_exec_init()</b>
<b>ewww_image_optimizer_cron_setup()</b>
<b>ewww_image_optimizer_ajax_compat_check()</b>
<b>EWWWIO_Tracking::schedule_send()</b>
2019-03-30 00:23:50
<b>ewww_image_optimizer_gallery_support()</b>
<b>ewww_image_optimizer_admin_init()</b>
<b>ewww_image_optimizer_cloud_init()</b>
<b>ewww_image_optimizer_upgrade()</b>
<b>ewww_image_optimizer_exec_init()</b>
<b>ewww_image_optimizer_cron_setup()</b>
<b>ewww_image_optimizer_ajax_compat_check()</b>
<b>EWWWIO_Tracking::schedule_send()</b>
2019-03-30 00:25:33
<b>ewww_image_optimizer_gallery_support()</b>
<b>ewww_image_optimizer_admin_init()</b>
<b>ewww_image_optimizer_cloud_init()</b>
<b>ewww_image_optimizer_upgrade()</b>
<b>ewww_image_optimizer_exec_init()</b>
<b>ewww_image_optimizer_cron_setup()</b>
<b>ewww_image_optimizer_ajax_compat_check()</b>
<b>EWWWIO_Tracking::schedule_send()</b>
2019-03-30 00:25:50
<b>ewww_image_optimizer_gallery_support()</b>
<b>ewww_image_optimizer_admin_init()</b>
<b>ewww_image_optimizer_cloud_init()</b>
<b>ewww_image_optimizer_upgrade()</b>
<b>ewww_image_optimizer_exec_init()</b>
<b>ewww_image_optimizer_cron_setup()</b>
<b>ewww_image_optimizer_ajax_compat_check()</b>
<b>EWWWIO_Tracking::schedule_send()</b>
2019-03-30 00:26:50
<b>ewww_image_optimizer_gallery_support()</b>
<b>ewww_image_optimizer_admin_init()</b>
<b>ewww_image_optimizer_cloud_init()</b>
<b>ewww_image_optimizer_upgrade()</b>
<b>ewww_image_optimizer_exec_init()</b>
<b>ewww_image_optimizer_cron_setup()</b>
<b>ewww_image_optimizer_ajax_compat_check()</b>
<b>EWWWIO_Tracking::schedule_send()</b>
2019-03-30 00:27:20
<b>ewww_image_optimizer_gallery_support()</b>
<b>ewww_image_optimizer_admin_init()</b>
<b>ewww_image_optimizer_cloud_init()</b>
<b>ewww_image_optimizer_upgrade()</b>
<b>ewww_image_optimizer_exec_init()</b>
<b>ewww_image_optimizer_cron_setup()</b>
<b>ewww_image_optimizer_ajax_compat_check()</b>
<b>EWWWIO_Tracking::schedule_send()</b>
2019-03-30 00:27:34
<b>ewww_image_optimizer_gallery_support()</b>
<b>ewww_image_optimizer_admin_init()</b>
<b>ewww_image_optimizer_cloud_init()</b>
<b>ewww_image_optimizer_upgrade()</b>
<b>ewww_image_optimizer_exec_init()</b>
<b>ewww_image_optimizer_cron_setup()</b>
<b>ewww_image_optimizer_ajax_compat_check()</b>
<b>EWWWIO_Tracking::schedule_send()</b>
2019-03-30 00:27:50
<b>ewww_image_optimizer_gallery_support()</b>
<b>ewww_image_optimizer_admin_init()</b>
<b>ewww_image_optimizer_cloud_init()</b>
<b>ewww_image_optimizer_upgrade()</b>
<b>ewww_image_optimizer_exec_init()</b>
<b>ewww_image_optimizer_cron_setup()</b>
<b>ewww_image_optimizer_ajax_compat_check()</b>
<b>EWWWIO_Tracking::schedule_send()</b>
2019-03-30 00:27:59
<b>ewww_image_optimizer_gallery_support()</b>
<b>ewww_image_optimizer_admin_init()</b>
<b>ewww_image_optimizer_cloud_init()</b>
<b>ewww_image_optimizer_upgrade()</b>
<b>ewww_image_optimizer_exec_init()</b>
<b>ewww_image_optimizer_cron_setup()</b>
<b>ewww_image_optimizer_ajax_compat_check()</b>
<b>EWWWIO_Tracking::schedule_send()</b>
2019-03-30 00:28:08
<b>ewww_image_optimizer_settings_script()</b>
<b>ewww_image_optimizer_bulk_script()</b>
<b>ewww_image_optimizer_webp_script()</b>
2019-03-30 00:28:09
<b>ewww_image_optimizer_gallery_support()</b>
<b>ewww_image_optimizer_admin_init()</b>
<b>ewww_image_optimizer_cloud_init()</b>
<b>ewww_image_optimizer_upgrade()</b>
<b>ewww_image_optimizer_exec_init()</b>
<b>ewww_image_optimizer_cron_setup()</b>
<b>ewww_image_optimizer_ajax_compat_check()</b>
<b>EWWWIO_Tracking::schedule_send()</b>
2019-03-30 00:28:10
<b>ewww_image_optimizer_gallery_support()</b>
2019-03-30 00:28:17
<b>ewww_image_optimizer_gallery_support()</b>
2019-03-30 00:28:51
<b>ewww_image_optimizer_gallery_support()</b>
<b>ewww_image_optimizer_admin_init()</b>
<b>ewww_image_optimizer_cloud_init()</b>
<b>ewww_image_optimizer_upgrade()</b>
<b>ewww_image_optimizer_exec_init()</b>
<b>ewww_image_optimizer_cron_setup()</b>
<b>ewww_image_optimizer_ajax_compat_check()</b>
<b>EWWWIO_Tracking::schedule_send()</b>
2019-03-30 00:29:09
<b>ewww_image_optimizer_gallery_support()</b>
<b>ewww_image_optimizer_admin_init()</b>
<b>ewww_image_optimizer_cloud_init()</b>
<b>ewww_image_optimizer_upgrade()</b>
<b>ewww_image_optimizer_exec_init()</b>
<b>ewww_image_optimizer_cron_setup()</b>
<b>ewww_image_optimizer_ajax_compat_check()</b>
<b>EWWWIO_Tracking::schedule_send()</b>
2019-03-30 00:29:57
<b>ewww_image_optimizer_gallery_support()</b>
<b>ewww_image_optimizer_admin_init()</b>
<b>ewww_image_optimizer_cloud_init()</b>
<b>ewww_image_optimizer_upgrade()</b>
<b>ewww_image_optimizer_exec_init()</b>
<b>ewww_image_optimizer_cron_setup()</b>
<b>ewww_image_optimizer_ajax_compat_check()</b>
<b>EWWWIO_Tracking::schedule_send()</b>
2019-03-30 00:30:20
<b>ewww_image_optimizer_gallery_support()</b>
<b>ewww_image_optimizer_admin_init()</b>
<b>ewww_image_optimizer_cloud_init()</b>
<b>ewww_image_optimizer_upgrade()</b>
<b>ewww_image_optimizer_exec_init()</b>
<b>ewww_image_optimizer_cron_setup()</b>
<b>ewww_image_optimizer_ajax_compat_check()</b>
<b>EWWWIO_Tracking::schedule_send()</b>
2019-03-30 00:30:54
<b>ewww_image_optimizer_gallery_support()</b>
<b>ewww_image_optimizer_admin_init()</b>
<b>ewww_image_optimizer_cloud_init()</b>
<b>ewww_image_optimizer_upgrade()</b>
<b>ewww_image_optimizer_exec_init()</b>
<b>ewww_image_optimizer_cron_setup()</b>
<b>ewww_image_optimizer_ajax_compat_check()</b>
<b>EWWWIO_Tracking::schedule_send()</b>
2019-03-30 00:30:57
<b>ewww_image_optimizer_gallery_support()</b>
<b>ewww_image_optimizer_admin_init()</b>
<b>ewww_image_optimizer_cloud_init()</b>
<b>ewww_image_optimizer_upgrade()</b>
<b>ewww_image_optimizer_exec_init()</b>
<b>ewww_image_optimizer_cron_setup()</b>
<b>ewww_image_optimizer_ajax_compat_check()</b>
<b>EWWWIO_Tracking::schedule_send()</b>
2019-03-30 00:30:57
<b>ewww_image_optimizer_gallery_support()</b>
<b>ewww_image_optimizer_admin_init()</b>
<b>ewww_image_optimizer_cloud_init()</b>
<b>ewww_image_optimizer_upgrade()</b>
<b>ewww_image_optimizer_exec_init()</b>
<b>ewww_image_optimizer_cron_setup()</b>
<b>ewww_image_optimizer_ajax_compat_check()</b>
<b>EWWWIO_Tracking::schedule_send()</b>
2019-03-30 00:30:58
<b>ewww_image_optimizer_settings_script()</b>
<b>ewww_image_optimizer_bulk_script()</b>
<b>ewww_image_optimizer_webp_script()</b>
2019-03-30 00:30:59
<b>ewww_image_optimizer_gallery_support()</b>
<b>ewww_image_optimizer_admin_init()</b>
<b>ewww_image_optimizer_cloud_init()</b>
<b>ewww_image_optimizer_upgrade()</b>
<b>ewww_image_optimizer_exec_init()</b>
<b>ewww_image_optimizer_cron_setup()</b>
<b>ewww_image_optimizer_ajax_compat_check()</b>
<b>EWWWIO_Tracking::schedule_send()</b>
2019-03-30 00:31:01
<b>ewww_image_optimizer_gallery_support()</b>
2019-03-30 00:31:58
<b>ewww_image_optimizer_gallery_support()</b>
<b>ewww_image_optimizer_admin_init()</b>
<b>ewww_image_optimizer_cloud_init()</b>
<b>ewww_image_optimizer_upgrade()</b>
<b>ewww_image_optimizer_exec_init()</b>
<b>ewww_image_optimizer_cron_setup()</b>
<b>ewww_image_optimizer_ajax_compat_check()</b>
<b>EWWWIO_Tracking::schedule_send()</b>
2019-03-30 00:31:59
<b>ewww_image_optimizer_gallery_support()</b>
<b>ewww_image_optimizer_admin_init()</b>
<b>ewww_image_optimizer_cloud_init()</b>
<b>ewww_image_optimizer_upgrade()</b>
<b>ewww_image_optimizer_exec_init()</b>
<b>ewww_image_optimizer_cron_setup()</b>
<b>ewww_image_optimizer_ajax_compat_check()</b>
<b>EWWWIO_Tracking::schedule_send()</b>
2019-03-30 00:32:20
<b>ewww_image_optimizer_gallery_support()</b>
<b>ewww_image_optimizer_admin_init()</b>
<b>ewww_image_optimizer_cloud_init()</b>
<b>ewww_image_optimizer_upgrade()</b>
<b>ewww_image_optimizer_exec_init()</b>
<b>ewww_image_optimizer_cron_setup()</b>
<b>ewww_image_optimizer_ajax_compat_check()</b>
<b>EWWWIO_Tracking::schedule_send()</b>
2019-03-30 00:32:58
<b>ewww_image_optimizer_gallery_support()</b>
<b>ewww_image_optimizer_admin_init()</b>
<b>ewww_image_optimizer_cloud_init()</b>
<b>ewww_image_optimizer_upgrade()</b>
<b>ewww_image_optimizer_exec_init()</b>
<b>ewww_image_optimizer_cron_setup()</b>
<b>ewww_image_optimizer_ajax_compat_check()</b>
<b>EWWWIO_Tracking::schedule_send()</b>
2019-03-30 00:33:14
<b>ewww_image_optimizer_gallery_support()</b>
<b>ewww_image_optimizer_admin_init()</b>
<b>ewww_image_optimizer_cloud_init()</b>
<b>ewww_image_optimizer_upgrade()</b>
<b>ewww_image_optimizer_exec_init()</b>
<b>ewww_image_optimizer_cron_setup()</b>
<b>ewww_image_optimizer_ajax_compat_check()</b>
<b>EWWWIO_Tracking::schedule_send()</b>
2019-03-30 00:33:58
<b>ewww_image_optimizer_gallery_support()</b>
<b>ewww_image_optimizer_admin_init()</b>
<b>ewww_image_optimizer_cloud_init()</b>
<b>ewww_image_optimizer_upgrade()</b>
<b>ewww_image_optimizer_exec_init()</b>
<b>ewww_image_optimizer_cron_setup()</b>
<b>ewww_image_optimizer_ajax_compat_check()</b>
<b>EWWWIO_Tracking::schedule_send()</b>
2019-03-30 00:33:59
<b>ewww_image_optimizer_gallery_support()</b>
<b>ewww_image_optimizer_admin_init()</b>
<b>ewww_image_optimizer_cloud_init()</b>
<b>ewww_image_optimizer_upgrade()</b>
<b>ewww_image_optimizer_exec_init()</b>
<b>ewww_image_optimizer_cron_setup()</b>
<b>ewww_image_optimizer_ajax_compat_check()</b>
<b>EWWWIO_Tracking::schedule_send()</b>
2019-03-30 00:34:58
<b>ewww_image_optimizer_gallery_support()</b>
<b>ewww_image_optimizer_admin_init()</b>
<b>ewww_image_optimizer_cloud_init()</b>
<b>ewww_image_optimizer_upgrade()</b>
<b>ewww_image_optimizer_exec_init()</b>
<b>ewww_image_optimizer_cron_setup()</b>
<b>ewww_image_optimizer_ajax_compat_check()</b>
<b>EWWWIO_Tracking::schedule_send()</b>
2019-03-30 00:35:58
<b>ewww_image_optimizer_gallery_support()</b>
<b>ewww_image_optimizer_admin_init()</b>
<b>ewww_image_optimizer_cloud_init()</b>
<b>ewww_image_optimizer_upgrade()</b>
<b>ewww_image_optimizer_exec_init()</b>
<b>ewww_image_optimizer_cron_setup()</b>
<b>ewww_image_optimizer_ajax_compat_check()</b>
<b>EWWWIO_Tracking::schedule_send()</b>
2019-03-30 00:35:59
<b>ewww_image_optimizer_gallery_support()</b>
<b>ewww_image_optimizer_admin_init()</b>
<b>ewww_image_optimizer_cloud_init()</b>
<b>ewww_image_optimizer_upgrade()</b>
<b>ewww_image_optimizer_exec_init()</b>
<b>ewww_image_optimizer_cron_setup()</b>
<b>ewww_image_optimizer_ajax_compat_check()</b>
<b>EWWWIO_Tracking::schedule_send()</b>
2019-03-30 00:36:20
<b>ewww_image_optimizer_gallery_support()</b>
<b>ewww_image_optimizer_admin_init()</b>
<b>ewww_image_optimizer_cloud_init()</b>
<b>ewww_image_optimizer_upgrade()</b>
<b>ewww_image_optimizer_exec_init()</b>
<b>ewww_image_optimizer_cron_setup()</b>
<b>ewww_image_optimizer_ajax_compat_check()</b>
<b>EWWWIO_Tracking::schedule_send()</b>
2019-03-30 00:36:58
<b>ewww_image_optimizer_gallery_support()</b>
<b>ewww_image_optimizer_admin_init()</b>
<b>ewww_image_optimizer_cloud_init()</b>
<b>ewww_image_optimizer_upgrade()</b>
<b>ewww_image_optimizer_exec_init()</b>
<b>ewww_image_optimizer_cron_setup()</b>
<b>ewww_image_optimizer_ajax_compat_check()</b>
<b>EWWWIO_Tracking::schedule_send()</b>
2019-03-30 00:37:59
<b>ewww_image_optimizer_gallery_support()</b>
<b>ewww_image_optimizer_admin_init()</b>
<b>ewww_image_optimizer_cloud_init()</b>
<b>ewww_image_optimizer_upgrade()</b>
<b>ewww_image_optimizer_exec_init()</b>
<b>ewww_image_optimizer_cron_setup()</b>
<b>ewww_image_optimizer_ajax_compat_check()</b>
<b>EWWWIO_Tracking::schedule_send()</b>
2019-03-30 00:38:00
<b>ewww_image_optimizer_gallery_support()</b>
2019-03-30 00:38:58
<b>ewww_image_optimizer_gallery_support()</b>
<b>ewww_image_optimizer_admin_init()</b>
<b>ewww_image_optimizer_cloud_init()</b>
<b>ewww_image_optimizer_upgrade()</b>
<b>ewww_image_optimizer_exec_init()</b>
<b>ewww_image_optimizer_cron_setup()</b>
<b>ewww_image_optimizer_ajax_compat_check()</b>
<b>EWWWIO_Tracking::schedule_send()</b>
2019-03-30 00:40:00
<b>ewww_image_optimizer_gallery_support()</b>
<b>ewww_image_optimizer_admin_init()</b>
<b>ewww_image_optimizer_cloud_init()</b>
<b>ewww_image_optimizer_upgrade()</b>
<b>ewww_image_optimizer_exec_init()</b>
<b>ewww_image_optimizer_cron_setup()</b>
<b>ewww_image_optimizer_ajax_compat_check()</b>
<b>EWWWIO_Tracking::schedule_send()</b>
2019-03-30 00:40:58
<b>ewww_image_optimizer_gallery_support()</b>
<b>ewww_image_optimizer_admin_init()</b>
<b>ewww_image_optimizer_cloud_init()</b>
<b>ewww_image_optimizer_upgrade()</b>
<b>ewww_image_optimizer_exec_init()</b>
<b>ewww_image_optimizer_cron_setup()</b>
<b>ewww_image_optimizer_ajax_compat_check()</b>
<b>EWWWIO_Tracking::schedule_send()</b>
2019-03-30 00:42:00
<b>ewww_image_optimizer_gallery_support()</b>
<b>ewww_image_optimizer_admin_init()</b>
<b>ewww_image_optimizer_cloud_init()</b>
<b>ewww_image_optimizer_upgrade()</b>
<b>ewww_image_optimizer_exec_init()</b>
<b>ewww_image_optimizer_cron_setup()</b>
<b>ewww_image_optimizer_ajax_compat_check()</b>
<b>EWWWIO_Tracking::schedule_send()</b>
2019-03-30 00:42:00
<b>ewww_image_optimizer_gallery_support()</b>
<b>ewww_image_optimizer_admin_init()</b>
<b>ewww_image_optimizer_cloud_init()</b>
<b>ewww_image_optimizer_upgrade()</b>
<b>ewww_image_optimizer_exec_init()</b>
<b>ewww_image_optimizer_cron_setup()</b>
<b>ewww_image_optimizer_ajax_compat_check()</b>
<b>EWWWIO_Tracking::schedule_send()</b>
2019-03-30 00:42:17
<b>ewww_image_optimizer_gallery_support()</b>
<b>ewww_image_optimizer_admin_init()</b>
<b>ewww_image_optimizer_cloud_init()</b>
<b>ewww_image_optimizer_upgrade()</b>
<b>ewww_image_optimizer_exec_init()</b>
<b>ewww_image_optimizer_cron_setup()</b>
<b>ewww_image_optimizer_ajax_compat_check()</b>
<b>EWWWIO_Tracking::schedule_send()</b>
2019-03-30 00:42:59
<b>ewww_image_optimizer_gallery_support()</b>
<b>ewww_image_optimizer_admin_init()</b>
<b>ewww_image_optimizer_cloud_init()</b>
<b>ewww_image_optimizer_upgrade()</b>
<b>ewww_image_optimizer_exec_init()</b>
<b>ewww_image_optimizer_cron_setup()</b>
<b>ewww_image_optimizer_ajax_compat_check()</b>
<b>EWWWIO_Tracking::schedule_send()</b>
2019-03-30 00:43:59
<b>ewww_image_optimizer_gallery_support()</b>
<b>ewww_image_optimizer_admin_init()</b>
<b>ewww_image_optimizer_cloud_init()</b>
<b>ewww_image_optimizer_upgrade()</b>
<b>ewww_image_optimizer_exec_init()</b>
<b>ewww_image_optimizer_cron_setup()</b>
<b>ewww_image_optimizer_ajax_compat_check()</b>
<b>EWWWIO_Tracking::schedule_send()</b>
2019-03-30 00:44:00
<b>ewww_image_optimizer_gallery_support()</b>
<b>ewww_image_optimizer_admin_init()</b>
<b>ewww_image_optimizer_cloud_init()</b>
<b>ewww_image_optimizer_upgrade()</b>
<b>ewww_image_optimizer_exec_init()</b>
<b>ewww_image_optimizer_cron_setup()</b>
<b>ewww_image_optimizer_ajax_compat_check()</b>
<b>EWWWIO_Tracking::schedule_send()</b>
2019-03-30 00:44:54
<b>ewww_image_optimizer_gallery_support()</b>
<b>ewww_image_optimizer_admin_init()</b>
<b>ewww_image_optimizer_cloud_init()</b>
<b>ewww_image_optimizer_upgrade()</b>
<b>ewww_image_optimizer_exec_init()</b>
<b>ewww_image_optimizer_cron_setup()</b>
<b>ewww_image_optimizer_ajax_compat_check()</b>
<b>EWWWIO_Tracking::schedule_send()</b>
2019-03-30 00:45:00
<b>ewww_image_optimizer_gallery_support()</b>
<b>ewww_image_optimizer_admin_init()</b>
<b>ewww_image_optimizer_cloud_init()</b>
<b>ewww_image_optimizer_upgrade()</b>
<b>ewww_image_optimizer_exec_init()</b>
<b>ewww_image_optimizer_cron_setup()</b>
<b>ewww_image_optimizer_ajax_compat_check()</b>
<b>EWWWIO_Tracking::schedule_send()</b>
2019-03-30 00:46:00
<b>ewww_image_optimizer_gallery_support()</b>
<b>ewww_image_optimizer_admin_init()</b>
<b>ewww_image_optimizer_cloud_init()</b>
<b>ewww_image_optimizer_upgrade()</b>
<b>ewww_image_optimizer_exec_init()</b>
<b>ewww_image_optimizer_cron_setup()</b>
<b>ewww_image_optimizer_ajax_compat_check()</b>
<b>EWWWIO_Tracking::schedule_send()</b>
2019-03-30 00:46:00
<b>ewww_image_optimizer_gallery_support()</b>
<b>ewww_image_optimizer_admin_init()</b>
<b>ewww_image_optimizer_cloud_init()</b>
<b>ewww_image_optimizer_upgrade()</b>
<b>ewww_image_optimizer_exec_init()</b>
<b>ewww_image_optimizer_cron_setup()</b>
<b>ewww_image_optimizer_ajax_compat_check()</b>
<b>EWWWIO_Tracking::schedule_send()</b>
2019-03-30 00:46:44
<b>ewww_image_optimizer_gallery_support()</b>
2019-03-30 00:47:00
<b>ewww_image_optimizer_gallery_support()</b>
<b>ewww_image_optimizer_admin_init()</b>
<b>ewww_image_optimizer_cloud_init()</b>
<b>ewww_image_optimizer_upgrade()</b>
<b>ewww_image_optimizer_exec_init()</b>
<b>ewww_image_optimizer_cron_setup()</b>
<b>ewww_image_optimizer_ajax_compat_check()</b>
<b>EWWWIO_Tracking::schedule_send()</b>
2019-03-30 00:47:34
<b>ewww_image_optimizer_gallery_support()</b>
<b>ewww_image_optimizer_admin_init()</b>
<b>ewww_image_optimizer_cloud_init()</b>
<b>ewww_image_optimizer_upgrade()</b>
<b>ewww_image_optimizer_exec_init()</b>
<b>ewww_image_optimizer_cron_setup()</b>
<b>ewww_image_optimizer_ajax_compat_check()</b>
<b>EWWWIO_Tracking::schedule_send()</b>
2019-03-30 00:48:10
<b>ewww_image_optimizer_gallery_support()</b>
<b>ewww_image_optimizer_admin_init()</b>
<b>ewww_image_optimizer_cloud_init()</b>
<b>ewww_image_optimizer_upgrade()</b>
<b>ewww_image_optimizer_exec_init()</b>
<b>ewww_image_optimizer_cron_setup()</b>
<b>ewww_image_optimizer_ajax_compat_check()</b>
<b>EWWWIO_Tracking::schedule_send()</b>
2019-03-30 00:48:34
<b>ewww_image_optimizer_gallery_support()</b>
<b>ewww_image_optimizer_admin_init()</b>
<b>ewww_image_optimizer_cloud_init()</b>
<b>ewww_image_optimizer_upgrade()</b>
<b>ewww_image_optimizer_exec_init()</b>
<b>ewww_image_optimizer_cron_setup()</b>
<b>ewww_image_optimizer_ajax_compat_check()</b>
<b>EWWWIO_Tracking::schedule_send()</b>
2019-03-30 00:49:00
<b>ewww_image_optimizer_gallery_support()</b>
<b>ewww_image_optimizer_admin_init()</b>
<b>ewww_image_optimizer_cloud_init()</b>
<b>ewww_image_optimizer_upgrade()</b>
<b>ewww_image_optimizer_exec_init()</b>
<b>ewww_image_optimizer_cron_setup()</b>
<b>ewww_image_optimizer_ajax_compat_check()</b>
<b>EWWWIO_Tracking::schedule_send()</b>
2019-03-30 00:49:00
<b>ewww_image_optimizer_gallery_support()</b>
<b>ewww_image_optimizer_admin_init()</b>
<b>ewww_image_optimizer_cloud_init()</b>
<b>ewww_image_optimizer_upgrade()</b>
<b>ewww_image_optimizer_exec_init()</b>
<b>ewww_image_optimizer_cron_setup()</b>
<b>ewww_image_optimizer_ajax_compat_check()</b>
<b>EWWWIO_Tracking::schedule_send()</b>
2019-03-30 00:49:06
<b>ewww_image_optimizer_settings_script()</b>
<b>ewww_image_optimizer_bulk_script()</b>
<b>ewww_image_optimizer_webp_script()</b>
2019-03-30 00:49:07
<b>ewww_image_optimizer_gallery_support()</b>
<b>ewww_image_optimizer_admin_init()</b>
<b>ewww_image_optimizer_cloud_init()</b>
<b>ewww_image_optimizer_upgrade()</b>
<b>ewww_image_optimizer_exec_init()</b>
<b>ewww_image_optimizer_cron_setup()</b>
<b>ewww_image_optimizer_ajax_compat_check()</b>
<b>EWWWIO_Tracking::schedule_send()</b>
2019-03-30 00:49:08
<b>ewww_image_optimizer_gallery_support()</b>
2019-03-30 00:49:34
<b>ewww_image_optimizer_gallery_support()</b>
<b>ewww_image_optimizer_admin_init()</b>
<b>ewww_image_optimizer_cloud_init()</b>
<b>ewww_image_optimizer_upgrade()</b>
<b>ewww_image_optimizer_exec_init()</b>
<b>ewww_image_optimizer_cron_setup()</b>
<b>ewww_image_optimizer_ajax_compat_check()</b>
<b>EWWWIO_Tracking::schedule_send()</b>
2019-03-30 00:50:07
<b>ewww_image_optimizer_gallery_support()</b>
<b>ewww_image_optimizer_admin_init()</b>
<b>ewww_image_optimizer_cloud_init()</b>
<b>ewww_image_optimizer_upgrade()</b>
<b>ewww_image_optimizer_exec_init()</b>
<b>ewww_image_optimizer_cron_setup()</b>
<b>ewww_image_optimizer_ajax_compat_check()</b>
<b>EWWWIO_Tracking::schedule_send()</b>
2019-03-30 00:50:17
<b>ewww_image_optimizer_gallery_support()</b>
2019-03-30 00:51:07
<b>ewww_image_optimizer_gallery_support()</b>
<b>ewww_image_optimizer_admin_init()</b>
<b>ewww_image_optimizer_cloud_init()</b>
<b>ewww_image_optimizer_upgrade()</b>
<b>ewww_image_optimizer_exec_init()</b>
<b>ewww_image_optimizer_cron_setup()</b>
<b>ewww_image_optimizer_ajax_compat_check()</b>
<b>EWWWIO_Tracking::schedule_send()</b>
2019-03-30 00:51:19
<b>ewww_image_optimizer_gallery_support()</b>
<b>ewww_image_optimizer_admin_init()</b>
<b>ewww_image_optimizer_cloud_init()</b>
<b>ewww_image_optimizer_upgrade()</b>
<b>ewww_image_optimizer_exec_init()</b>
<b>ewww_image_optimizer_cron_setup()</b>
<b>ewww_image_optimizer_ajax_compat_check()</b>
<b>EWWWIO_Tracking::schedule_send()</b>
2019-03-30 00:52:19
<b>ewww_image_optimizer_gallery_support()</b>
<b>ewww_image_optimizer_admin_init()</b>
<b>ewww_image_optimizer_cloud_init()</b>
<b>ewww_image_optimizer_upgrade()</b>
<b>ewww_image_optimizer_exec_init()</b>
<b>ewww_image_optimizer_cron_setup()</b>
<b>ewww_image_optimizer_ajax_compat_check()</b>
<b>EWWWIO_Tracking::schedule_send()</b>
2019-03-30 00:53:07
<b>ewww_image_optimizer_gallery_support()</b>
<b>ewww_image_optimizer_admin_init()</b>
<b>ewww_image_optimizer_cloud_init()</b>
<b>ewww_image_optimizer_upgrade()</b>
<b>ewww_image_optimizer_exec_init()</b>
<b>ewww_image_optimizer_cron_setup()</b>
<b>ewww_image_optimizer_ajax_compat_check()</b>
<b>EWWWIO_Tracking::schedule_send()</b>
2019-03-30 00:54:19
<b>ewww_image_optimizer_gallery_support()</b>
<b>ewww_image_optimizer_admin_init()</b>
<b>ewww_image_optimizer_cloud_init()</b>
<b>ewww_image_optimizer_upgrade()</b>
<b>ewww_image_optimizer_exec_init()</b>
<b>ewww_image_optimizer_cron_setup()</b>
<b>ewww_image_optimizer_ajax_compat_check()</b>
<b>EWWWIO_Tracking::schedule_send()</b>
2019-03-30 00:55:07
<b>ewww_image_optimizer_gallery_support()</b>
<b>ewww_image_optimizer_admin_init()</b>
<b>ewww_image_optimizer_cloud_init()</b>
<b>ewww_image_optimizer_upgrade()</b>
<b>ewww_image_optimizer_exec_init()</b>
<b>ewww_image_optimizer_cron_setup()</b>
<b>ewww_image_optimizer_ajax_compat_check()</b>
<b>EWWWIO_Tracking::schedule_send()</b>
2019-03-30 00:56:19
<b>ewww_image_optimizer_gallery_support()</b>
<b>ewww_image_optimizer_admin_init()</b>
<b>ewww_image_optimizer_cloud_init()</b>
<b>ewww_image_optimizer_upgrade()</b>
<b>ewww_image_optimizer_exec_init()</b>
<b>ewww_image_optimizer_cron_setup()</b>
<b>ewww_image_optimizer_ajax_compat_check()</b>
<b>EWWWIO_Tracking::schedule_send()</b>
2019-03-30 00:57:07
<b>ewww_image_optimizer_gallery_support()</b>
<b>ewww_image_optimizer_admin_init()</b>
<b>ewww_image_optimizer_cloud_init()</b>
<b>ewww_image_optimizer_upgrade()</b>
<b>ewww_image_optimizer_exec_init()</b>
<b>ewww_image_optimizer_cron_setup()</b>
<b>ewww_image_optimizer_ajax_compat_check()</b>
<b>EWWWIO_Tracking::schedule_send()</b>
2019-03-30 00:58:19
<b>ewww_image_optimizer_gallery_support()</b>
<b>ewww_image_optimizer_admin_init()</b>
<b>ewww_image_optimizer_cloud_init()</b>
<b>ewww_image_optimizer_upgrade()</b>
<b>ewww_image_optimizer_exec_init()</b>
<b>ewww_image_optimizer_cron_setup()</b>
<b>ewww_image_optimizer_ajax_compat_check()</b>
<b>EWWWIO_Tracking::schedule_send()</b>
2019-03-30 00:58:44
<b>ewww_image_optimizer_gallery_support()</b>
<b>ewww_image_optimizer_admin_init()</b>
<b>ewww_image_optimizer_cloud_init()</b>
<b>ewww_image_optimizer_upgrade()</b>
<b>ewww_image_optimizer_exec_init()</b>
<b>ewww_image_optimizer_cron_setup()</b>
<b>ewww_image_optimizer_ajax_compat_check()</b>
<b>EWWWIO_Tracking::schedule_send()</b>
2019-03-30 00:59:44
<b>ewww_image_optimizer_gallery_support()</b>
<b>ewww_image_optimizer_admin_init()</b>
<b>ewww_image_optimizer_cloud_init()</b>
<b>ewww_image_optimizer_upgrade()</b>
<b>ewww_image_optimizer_exec_init()</b>
<b>ewww_image_optimizer_cron_setup()</b>
<b>ewww_image_optimizer_ajax_compat_check()</b>
<b>EWWWIO_Tracking::schedule_send()</b>
2019-03-30 01:00:19
<b>ewww_image_optimizer_gallery_support()</b>
<b>ewww_image_optimizer_admin_init()</b>
<b>ewww_image_optimizer_cloud_init()</b>
<b>ewww_image_optimizer_upgrade()</b>
<b>ewww_image_optimizer_exec_init()</b>
<b>ewww_image_optimizer_cron_setup()</b>
<b>ewww_image_optimizer_ajax_compat_check()</b>
<b>EWWWIO_Tracking::schedule_send()</b>
2019-03-30 01:01:48
<b>ewww_image_optimizer_gallery_support()</b>
<b>ewww_image_optimizer_admin_init()</b>
<b>ewww_image_optimizer_cloud_init()</b>
<b>ewww_image_optimizer_upgrade()</b>
<b>ewww_image_optimizer_exec_init()</b>
<b>ewww_image_optimizer_cron_setup()</b>
<b>ewww_image_optimizer_ajax_compat_check()</b>
<b>EWWWIO_Tracking::schedule_send()</b>
